# JRE version: Java(TM) SE Runtime Environment (8.0_221-b11) (build 1.8.0_221-b11)
# Java VM: Java HotSpot(TM) 64-Bit Server VM (25.221-b11 mixed mode windows-amd64 compressed oops)
Heap:
 PSYoungGen      total 288768K, used 288738K [0x000000076b580000, 0x0000000782480000, 0x00000007c0000000)
  eden space 267264K, 100% used [0x000000076b580000,0x000000077ba80000,0x000000077ba80000)
  from space 21504K, 99% used [0x000000077ba80000,0x000000077cf789a0,0x000000077cf80000)
  to   space 25600K, 88% used [0x0000000780b80000,0x00000007821982e8,0x0000000782480000)
 ParOldGen       total 239104K, used 34860K [0x00000006c2000000, 0x00000006d0980000, 0x000000076b580000)
  object space 239104K, 14% used [0x00000006c2000000,0x00000006c420b1f8,0x00000006d0980000)
 Metaspace       used 75016K, capacity 79930K, committed 80088K, reserved 1118208K
  class space    used 10462K, capacity 11258K, committed 11264K, reserved 1048576K
GC Heap History (10 events):
Event: 16.962 GC heap after
Heap after GC invocations=12 (full 3):
 PSYoungGen      total 201728K, used 0K [0x000000076b580000, 0x000000077b800000, 0x00000007c0000000)
  eden space 187904K, 0% used [0x000000076b580000,0x000000076b580000,0x0000000776d00000)
  from space 13824K, 0% used [0x0000000776d00000,0x0000000776d00000,0x0000000777a80000)
  to   space 14336K, 0% used [0x000000077aa00000,0x000000077aa00000,0x000000077b800000)
 ParOldGen       total 239104K, used 23194K [0x00000006c2000000, 0x00000006d0980000, 0x000000076b580000)
  object space 239104K, 9% used [0x00000006c2000000,0x00000006c36a6af8,0x00000006d0980000)
 Metaspace       used 55928K, capacity 58942K, committed 59096K, reserved 1099776K
  class space    used 7815K, capacity 8354K, committed 8448K, reserved 1048576K
}
Event: 19.620 GC heap before
{Heap before GC invocations=13 (full 3):
 PSYoungGen      total 201728K, used 187904K [0x000000076b580000, 0x000000077b800000, 0x00000007c0000000)
  eden space 187904K, 100% used [0x000000076b580000,0x0000000776d00000,0x0000000776d00000)
  from space 13824K, 0% used [0x0000000776d00000,0x0000000776d00000,0x0000000777a80000)
  to   space 14336K, 0% used [0x000000077aa00000,0x000000077aa00000,0x000000077b800000)
 ParOldGen       total 239104K, used 23194K [0x00000006c2000000, 0x00000006d0980000, 0x000000076b580000)
  object space 239104K, 9% used [0x00000006c2000000,0x00000006c36a6af8,0x00000006d0980000)
 Metaspace       used 60434K, capacity 63598K, committed 63832K, reserved 1103872K
  class space    used 8478K, capacity 9022K, committed 9088K, reserved 1048576K
Event: 19.639 GC heap after
Heap after GC invocations=13 (full 3):
 PSYoungGen      total 239616K, used 12073K [0x000000076b580000, 0x000000077b600000, 0x00000007c0000000)
  eden space 227328K, 0% used [0x000000076b580000,0x000000076b580000,0x0000000779380000)
  from space 12288K, 98% used [0x000000077aa00000,0x000000077b5ca620,0x000000077b600000)
  to   space 14848K, 0% used [0x0000000779900000,0x0000000779900000,0x000000077a780000)
 ParOldGen       total 239104K, used 23202K [0x00000006c2000000, 0x00000006d0980000, 0x000000076b580000)
  object space 239104K, 9% used [0x00000006c2000000,0x00000006c36a8af8,0x00000006d0980000)
 Metaspace       used 60434K, capacity 63598K, committed 63832K, reserved 1103872K
  class space    used 8478K, capacity 9022K, committed 9088K, reserved 1048576K
}
Event: 25.476 GC heap before
{Heap before GC invocations=14 (full 3):
 PSYoungGen      total 239616K, used 239401K [0x000000076b580000, 0x000000077b600000, 0x00000007c0000000)
  eden space 227328K, 100% used [0x000000076b580000,0x0000000779380000,0x0000000779380000)
  from space 12288K, 98% used [0x000000077aa00000,0x000000077b5ca620,0x000000077b600000)
  to   space 14848K, 0% used [0x0000000779900000,0x0000000779900000,0x000000077a780000)
 ParOldGen       total 239104K, used 23202K [0x00000006c2000000, 0x00000006d0980000, 0x000000076b580000)
  object space 239104K, 9% used [0x00000006c2000000,0x00000006c36a8af8,0x00000006d0980000)
 Metaspace       used 65484K, capacity 69542K, committed 69848K, reserved 1110016K
  class space    used 9298K, capacity 9944K, committed 9984K, reserved 1048576K
Event: 25.507 GC heap after
Heap after GC invocations=14 (full 3):
 PSYoungGen      total 247808K, used 14837K [0x000000076b580000, 0x000000077e000000, 0x00000007c0000000)
  eden space 232960K, 0% used [0x000000076b580000,0x000000076b580000,0x0000000779900000)
  from space 14848K, 99% used [0x0000000779900000,0x000000077a77d7e0,0x000000077a780000)
  to   space 16896K, 0% used [0x000000077cf80000,0x000000077cf80000,0x000000077e000000)
 ParOldGen       total 239104K, used 24094K [0x00000006c2000000, 0x00000006d0980000, 0x000000076b580000)
  object space 239104K, 10% used [0x00000006c2000000,0x00000006c3787910,0x00000006d0980000)
 Metaspace       used 65484K, capacity 69542K, committed 69848K, reserved 1110016K
  class space    used 9298K, capacity 9944K, committed 9984K, reserved 1048576K
}
Event: 41.760 GC heap before
{Heap before GC invocations=15 (full 3):
 PSYoungGen      total 247808K, used 247797K [0x000000076b580000, 0x000000077e000000, 0x00000007c0000000)
  eden space 232960K, 100% used [0x000000076b580000,0x0000000779900000,0x0000000779900000)
  from space 14848K, 99% used [0x0000000779900000,0x000000077a77d7e0,0x000000077a780000)
  to   space 16896K, 0% used [0x000000077cf80000,0x000000077cf80000,0x000000077e000000)
 ParOldGen       total 239104K, used 24094K [0x00000006c2000000, 0x00000006d0980000, 0x000000076b580000)
  object space 239104K, 10% used [0x00000006c2000000,0x00000006c3787910,0x00000006d0980000)
 Metaspace       used 72295K, capacity 76920K, committed 77272K, reserved 1116160K
  class space    used 10120K, capacity 10883K, committed 11008K, reserved 1048576K
Event: 41.792 GC heap after
Heap after GC invocations=15 (full 3):
 PSYoungGen      total 284160K, used 16882K [0x000000076b580000, 0x000000077e980000, 0x00000007c0000000)
  eden space 267264K, 0% used [0x000000076b580000,0x000000076b580000,0x000000077ba80000)
  from space 16896K, 99% used [0x000000077cf80000,0x000000077dffc990,0x000000077e000000)
  to   space 21504K, 0% used [0x000000077ba80000,0x000000077ba80000,0x000000077cf80000)
 ParOldGen       total 239104K, used 31198K [0x00000006c2000000, 0x00000006d0980000, 0x000000076b580000)
  object space 239104K, 13% used [0x00000006c2000000,0x00000006c3e77900,0x00000006d0980000)
 Metaspace       used 72295K, capacity 76920K, committed 77272K, reserved 1116160K
  class space    used 10120K, capacity 10883K, committed 11008K, reserved 1048576K
}
Event: 45.044 GC heap before
{Heap before GC invocations=16 (full 3):
 PSYoungGen      total 284160K, used 284146K [0x000000076b580000, 0x000000077e980000, 0x00000007c0000000)
  eden space 267264K, 100% used [0x000000076b580000,0x000000077ba80000,0x000000077ba80000)
  from space 16896K, 99% used [0x000000077cf80000,0x000000077dffc990,0x000000077e000000)
  to   space 21504K, 0% used [0x000000077ba80000,0x000000077ba80000,0x000000077cf80000)
 ParOldGen       total 239104K, used 31198K [0x00000006c2000000, 0x00000006d0980000, 0x000000076b580000)
  object space 239104K, 13% used [0x00000006c2000000,0x00000006c3e77900,0x00000006d0980000)
 Metaspace       used 72694K, capacity 77420K, committed 77528K, reserved 1116160K
  class space    used 10143K, capacity 10921K, committed 11008K, reserved 1048576K
Event: 45.099 GC heap after
Heap after GC invocations=16 (full 3):
 PSYoungGen      total 288768K, used 21474K [0x000000076b580000, 0x0000000782480000, 0x00000007c0000000)
  eden space 267264K, 0% used [0x000000076b580000,0x000000076b580000,0x000000077ba80000)
  from space 21504K, 99% used [0x000000077ba80000,0x000000077cf789a0,0x000000077cf80000)
  to   space 25600K, 0% used [0x0000000780b80000,0x0000000780b80000,0x0000000782480000)
 ParOldGen       total 239104K, used 34852K [0x00000006c2000000, 0x00000006d0980000, 0x000000076b580000)
  object space 239104K, 14% used [0x00000006c2000000,0x00000006c42091f8,0x00000006d0980000)
 Metaspace       used 72694K, capacity 77420K, committed 77528K, reserved 1116160K
  class space    used 10143K, capacity 10921K, committed 11008K, reserved 1048576K
}
Event: 57.570 GC heap before
{Heap before GC invocations=17 (full 3):
 PSYoungGen      total 288768K, used 288738K [0x000000076b580000, 0x0000000782480000, 0x00000007c0000000)
  eden space 267264K, 100% used [0x000000076b580000,0x000000077ba80000,0x000000077ba80000)
  from space 21504K, 99% used [0x000000077ba80000,0x000000077cf789a0,0x000000077cf80000)
  to   space 25600K, 0% used [0x0000000780b80000,0x0000000780b80000,0x0000000782480000)
 ParOldGen       total 239104K, used 34852K [0x00000006c2000000, 0x00000006d0980000, 0x000000076b580000)
  object space 239104K, 14% used [0x00000006c2000000,0x00000006c42091f8,0x00000006d0980000)
 Metaspace       used 75016K, capacity 79930K, committed 80088K, reserved 1118208K
  class space    used 10462K, capacity 11258K, committed 11264K, reserved 1048576K

